#
# A fatal error has been detected by the Java Runtime Environment:
#
#  Internal Error (javaCalls.cpp:51), pid=8220, tid=0x000000000000431c
#  guarantee(thread->is_Java_thread()) failed: crucial check - the VM thread cannot and must not escape to Java code
#
# JRE version: Java(TM) SE Runtime Environment (8.0_191-b12) (build 1.8.0_191-b12)
# Java VM: Java HotSpot(TM) 64-Bit Server VM (25.191-b12 mixed mode windows-amd64 compressed oops)
# Failed to write core dump. Minidumps are not enabled by default on client versions of Windows
#
# If you would like to submit a bug report, please visit:
#   http://bugreport.java.com/bugreport/crash.jsp
#

---------------  T H R E A D  ---------------

Current thread (0x000000001c758000):  VMThread [stack: 0x000000001d800000,0x000000001d900000] [id=17180]

Stack: [0x000000001d800000,0x000000001d900000]
[error occurred during error reporting (printing stack bounds), id 0xc0000005]

Native frames: (J=compiled Java code, j=interpreted, Vv=VM code, C=native code)

VM_Operation (0x000000001e2ef680): GetOrSetLocal, mode: safepoint, requested by thread 0x000000001c7a4000


---------------  P R O C E S S  ---------------

Java Threads: ( => current thread )
  0x000000001e0f9800 JavaThread "Service Thread" daemon [_thread_blocked, id=1552, stack(0x000000001e7f0000,0x000000001e8f0000)]
  0x000000001e059800 JavaThread "C1 CompilerThread2" daemon [_thread_blocked, id=16128, stack(0x000000001e6f0000,0x000000001e7f0000)]
  0x000000001e05d000 JavaThread "C2 CompilerThread1" daemon [_thread_blocked, id=19008, stack(0x000000001e5f0000,0x000000001e6f0000)]
  0x000000001e05c800 JavaThread "C2 CompilerThread0" daemon [_thread_blocked, id=19088, stack(0x000000001e4f0000,0x000000001e5f0000)]
  0x000000001ddfd800 JavaThread "JDWP Command Reader" daemon [_thread_in_native, id=2876, stack(0x000000001e3f0000,0x000000001e4f0000)]
  0x000000001ddfa800 JavaThread "JDWP Event Helper Thread" daemon [_thread_blocked, id=14144, stack(0x000000001e2f0000,0x000000001e3f0000)]
  0x000000001c7a4000 JavaThread "JDWP Transport Listener: dt_socket" daemon [_thread_blocked, id=12144, stack(0x000000001e1f0000,0x000000001e2f0000)]
  0x000000001c79d000 JavaThread "Attach Listener" daemon [_thread_blocked, id=19932, stack(0x000000001dcf0000,0x000000001ddf0000)]
  0x000000001c7ed800 JavaThread "Signal Dispatcher" daemon [_thread_blocked, id=11976, stack(0x000000001dbf0000,0x000000001dcf0000)]
  0x00000000031bb000 JavaThread "Finalizer" daemon [_thread_blocked, id=13972, stack(0x000000001da00000,0x000000001db00000)]
  0x000000001c77a000 JavaThread "Reference Handler" daemon [_thread_blocked, id=11752, stack(0x000000001d900000,0x000000001da00000)]
  0x00000000030c6000 JavaThread "main" [_thread_blocked, id=17844, stack(0x0000000002e30000,0x0000000002f30000)]

Other Threads:
=>0x000000001c758000 VMThread [stack: 0x000000001d800000,0x000000001d900000] [id=17180]
  0x000000001e12a000 WatcherThread [stack: 0x000000001e8f0000,0x000000001e9f0000] [id=12772]

VM state:at safepoint (normal execution)

VM Mutex/Monitor currently owned by a thread:  ([mutex/lock_event])
[0x00000000030c3050] Threads_lock - owner thread: 0x000000001c758000

Heap:
 PSYoungGen      total 76288K, used 42252K [0x000000076b400000, 0x0000000774900000, 0x00000007c0000000)
  eden space 65536K, 64% used [0x000000076b400000,0x000000076dd43318,0x000000076f400000)
  from space 10752K, 0% used [0x000000076f400000,0x000000076f400000,0x000000076fe80000)
  to   space 10752K, 0% used [0x0000000773e80000,0x0000000773e80000,0x0000000774900000)
 ParOldGen       total 82944K, used 5413K [0x00000006c1c00000, 0x00000006c6d00000, 0x000000076b400000)
  object space 82944K, 6% used [0x00000006c1c00000,0x00000006c2149790,0x00000006c6d00000)
 Metaspace       used 25163K, capacity 25906K, committed 26240K, reserved 1073152K
  class space    used 3227K, capacity 3407K, committed 3456K, reserved 1048576K

Card table byte_map: [0x0000000012580000,0x0000000012d80000] byte_map_base: 0x000000000ef72000

Marking Bits: (ParMarkBitMap*) 0x0000000056fc3e30
 Begin Bits: [0x00000000136d0000, 0x0000000017660000)
 End Bits:   [0x0000000017660000, 0x000000001b5f0000)

Polling page: 0x0000000001180000

CodeCache: size=245760Kb used=7442Kb max_used=7495Kb free=238317Kb
 bounds [0x00000000031c0000, 0x0000000003920000, 0x00000000121c0000]
 total_blobs=2450 nmethods=2049 adapters=321
 compilation: enabled

Compilation events (10 events):
Event: 4.182 Thread 0x000000001e059800 2047       1       com.wework.officereservationrevenue.model.Reservation::getStartDay (5 bytes)
Event: 4.182 Thread 0x000000001e059800 nmethod 2047 0x00000000038c70d0 code [0x00000000038c7220, 0x00000000038c7330]
Event: 4.712 Thread 0x000000001e05d000 nmethod 1982 0x00000000038d2f90 code [0x00000000038d3a40, 0x00000000038dc728]
Event: 4.713 Thread 0x000000001e05d000 1988   !   4       java.lang.ref.ReferenceQueue::poll (28 bytes)
Event: 4.715 Thread 0x000000001e05d000 nmethod 1988 0x00000000038cfad0 code [0x00000000038cfc20, 0x00000000038cff78]
Event: 4.715 Thread 0x000000001e05d000 1985       4       java.lang.ref.Finalizer::register (10 bytes)
Event: 4.718 Thread 0x000000001e05d000 nmethod 1985 0x00000000038d1410 code [0x00000000038d1580, 0x00000000038d1918]
Event: 4.718 Thread 0x000000001e05d000 1990       4       java.util.concurrent.ConcurrentHashMap::putIfAbsent (8 bytes)
Event: 4.718 Thread 0x000000001e05d000 nmethod 1990 0x00000000038d1190 code [0x00000000038d12e0, 0x00000000038d1368]
Event: 4.820 Thread 0x000000001e05c800 nmethod 1983 0x00000000038fd7d0 code [0x00000000038fe2e0, 0x0000000003908910]

GC Heap History (8 events):
Event: 2.317 GC heap before
{Heap before GC invocations=1 (full 0):
 PSYoungGen      total 76288K, used 65536K [0x000000076b400000, 0x0000000770900000, 0x00000007c0000000)
  eden space 65536K, 100% used [0x000000076b400000,0x000000076f400000,0x000000076f400000)
  from space 10752K, 0% used [0x000000076fe80000,0x000000076fe80000,0x0000000770900000)
  to   space 10752K, 0% used [0x000000076f400000,0x000000076f400000,0x000000076fe80000)
 ParOldGen       total 175104K, used 0K [0x00000006c1c00000, 0x00000006cc700000, 0x000000076b400000)
  object space 175104K, 0% used [0x00000006c1c00000,0x00000006c1c00000,0x00000006cc700000)
 Metaspace       used 14464K, capacity 14832K, committed 14976K, reserved 1062912K
  class space    used 1779K, capacity 1896K, committed 1920K, reserved 1048576K
Event: 2.326 GC heap after
Heap after GC invocations=1 (full 0):
 PSYoungGen      total 76288K, used 7580K [0x000000076b400000, 0x0000000770900000, 0x00000007c0000000)
  eden space 65536K, 0% used [0x000000076b400000,0x000000076b400000,0x000000076f400000)
  from space 10752K, 70% used [0x000000076f400000,0x000000076fb67108,0x000000076fe80000)
  to   space 10752K, 0% used [0x000000076fe80000,0x000000076fe80000,0x0000000770900000)
 ParOldGen       total 175104K, used 80K [0x00000006c1c00000, 0x00000006cc700000, 0x000000076b400000)
  object space 175104K, 0% used [0x00000006c1c00000,0x00000006c1c14010,0x00000006cc700000)
 Metaspace       used 14464K, capacity 14832K, committed 14976K, reserved 1062912K
  class space    used 1779K, capacity 1896K, committed 1920K, reserved 1048576K
}
Event: 3.577 GC heap before
{Heap before GC invocations=2 (full 0):
 PSYoungGen      total 76288K, used 73116K [0x000000076b400000, 0x0000000770900000, 0x00000007c0000000)
  eden space 65536K, 100% used [0x000000076b400000,0x000000076f400000,0x000000076f400000)
  from space 10752K, 70% used [0x000000076f400000,0x000000076fb67108,0x000000076fe80000)
  to   space 10752K, 0% used [0x000000076fe80000,0x000000076fe80000,0x0000000770900000)
 ParOldGen       total 175104K, used 80K [0x00000006c1c00000, 0x00000006cc700000, 0x000000076b400000)
  object space 175104K, 0% used [0x00000006c1c00000,0x00000006c1c14010,0x00000006cc700000)
 Metaspace       used 20127K, capacity 20832K, committed 20992K, reserved 1067008K
  class space    used 2560K, capacity 2722K, committed 2816K, reserved 1048576K
Event: 3.593 GC heap after
Heap after GC invocations=2 (full 0):
 PSYoungGen      total 76288K, used 9294K [0x000000076b400000, 0x0000000770900000, 0x00000007c0000000)
  eden space 65536K, 0% used [0x000000076b400000,0x000000076b400000,0x000000076f400000)
  from space 10752K, 86% used [0x000000076fe80000,0x0000000770793ac8,0x0000000770900000)
  to   space 10752K, 0% used [0x000000076f400000,0x000000076f400000,0x000000076fe80000)
 ParOldGen       total 175104K, used 88K [0x00000006c1c00000, 0x00000006cc700000, 0x000000076b400000)
  object space 175104K, 0% used [0x00000006c1c00000,0x00000006c1c16010,0x00000006cc700000)
 Metaspace       used 20127K, capacity 20832K, committed 20992K, reserved 1067008K
  class space    used 2560K, capacity 2722K, committed 2816K, reserved 1048576K
}
Event: 3.633 GC heap before
{Heap before GC invocations=3 (full 0):
 PSYoungGen      total 76288K, used 14380K [0x000000076b400000, 0x0000000770900000, 0x00000007c0000000)
  eden space 65536K, 7% used [0x000000076b400000,0x000000076b8f7918,0x000000076f400000)
  from space 10752K, 86% used [0x000000076fe80000,0x0000000770793ac8,0x0000000770900000)
  to   space 10752K, 0% used [0x000000076f400000,0x000000076f400000,0x000000076fe80000)
 ParOldGen       total 175104K, used 88K [0x00000006c1c00000, 0x00000006cc700000, 0x000000076b400000)
  object space 175104K, 0% used [0x00000006c1c00000,0x00000006c1c16010,0x00000006cc700000)
 Metaspace       used 20511K, capacity 21216K, committed 21248K, reserved 1067008K
  class space    used 2619K, capacity 2786K, committed 2816K, reserved 1048576K
Event: 3.640 GC heap after
Heap after GC invocations=3 (full 0):
 PSYoungGen      total 76288K, used 5464K [0x000000076b400000, 0x0000000774900000, 0x00000007c0000000)
  eden space 65536K, 0% used [0x000000076b400000,0x000000076b400000,0x000000076f400000)
  from space 10752K, 50% used [0x000000076f400000,0x000000076f956168,0x000000076fe80000)
  to   space 10752K, 0% used [0x0000000773e80000,0x0000000773e80000,0x0000000774900000)
 ParOldGen       total 175104K, used 96K [0x00000006c1c00000, 0x00000006cc700000, 0x000000076b400000)
  object space 175104K, 0% used [0x00000006c1c00000,0x00000006c1c18010,0x00000006cc700000)
 Metaspace       used 20511K, capacity 21216K, committed 21248K, reserved 1067008K
  class space    used 2619K, capacity 2786K, committed 2816K, reserved 1048576K
}
Event: 3.640 GC heap before
{Heap before GC invocations=4 (full 1):
 PSYoungGen      total 76288K, used 5464K [0x000000076b400000, 0x0000000774900000, 0x00000007c0000000)
  eden space 65536K, 0% used [0x000000076b400000,0x000000076b400000,0x000000076f400000)
  from space 10752K, 50% used [0x000000076f400000,0x000000076f956168,0x000000076fe80000)
  to   space 10752K, 0% used [0x0000000773e80000,0x0000000773e80000,0x0000000774900000)
 ParOldGen       total 175104K, used 96K [0x00000006c1c00000, 0x00000006cc700000, 0x000000076b400000)
  object space 175104K, 0% used [0x00000006c1c00000,0x00000006c1c18010,0x00000006cc700000)
 Metaspace       used 20511K, capacity 21216K, committed 21248K, reserved 1067008K
  class space    used 2619K, capacity 2786K, committed 2816K, reserved 1048576K
Event: 3.676 GC heap after
Heap after GC invocations=4 (full 1):
 PSYoungGen      total 76288K, used 0K [0x000000076b400000, 0x0000000774900000, 0x00000007c0000000)
  eden space 65536K, 0% used [0x000000076b400000,0x000000076b400000,0x000000076f400000)
  from space 10752K, 0% used [0x000000076f400000,0x000000076f400000,0x000000076fe80000)
  to   space 10752K, 0% used [0x0000000773e80000,0x0000000773e80000,0x0000000774900000)
 ParOldGen       total 82944K, used 5413K [0x00000006c1c00000, 0x00000006c6d00000, 0x000000076b400000)
  object space 82944K, 6% used [0x00000006c1c00000,0x00000006c2149790,0x00000006c6d00000)
 Metaspace       used 20511K, capacity 21216K, committed 21248K, reserved 1067008K
  class space    used 2619K, capacity 2786K, committed 2816K, reserved 1048576K
}

Deoptimization events (10 events):
Event: 1.426 Thread 0x00000000030c6000 Uncommon trap: reason=range_check action=make_not_entrant pc=0x0000000003498b10 method=sun.reflect.generics.parser.SignatureParser.current()C @ 34
Event: 1.815 Thread 0x00000000030c6000 Uncommon trap: reason=unstable_if action=reinterpret pc=0x000000000358ab44 method=jdk.internal.org.objectweb.asm.ByteVector.putShort(I)Ljdk/internal/org/objectweb/asm/ByteVector; @ 13
Event: 2.453 Thread 0x00000000030c6000 Uncommon trap: reason=unstable_if action=reinterpret pc=0x00000000035b76d4 method=java.net.URL.<init>(Ljava/net/URL;Ljava/lang/String;Ljava/net/URLStreamHandler;)V @ 347
Event: 2.893 Thread 0x00000000030c6000 Uncommon trap: reason=bimorphic action=maybe_recompile pc=0x0000000003525640 method=java.util.HashMap.putVal(ILjava/lang/Object;Ljava/lang/Object;ZZ)Ljava/lang/Object; @ 203
Event: 3.098 Thread 0x00000000030c6000 Uncommon trap: reason=unstable_if action=reinterpret pc=0x00000000035f97f0 method=org.springframework.boot.context.properties.source.ConfigurationPropertyName$ElementsParser.isValidChar(CI)Z @ 21
Event: 3.315 Thread 0x00000000030c6000 Uncommon trap: reason=bimorphic action=maybe_recompile pc=0x0000000003525640 method=java.util.HashMap.putVal(ILjava/lang/Object;Ljava/lang/Object;ZZ)Ljava/lang/Object; @ 203
Event: 3.315 Thread 0x00000000030c6000 Uncommon trap: reason=bimorphic action=maybe_recompile pc=0x0000000003525640 method=java.util.HashMap.putVal(ILjava/lang/Object;Ljava/lang/Object;ZZ)Ljava/lang/Object; @ 203
Event: 3.315 Thread 0x00000000030c6000 Uncommon trap: reason=bimorphic action=maybe_recompile pc=0x0000000003525640 method=java.util.HashMap.putVal(ILjava/lang/Object;Ljava/lang/Object;ZZ)Ljava/lang/Object; @ 203
Event: 3.554 Thread 0x00000000030c6000 Uncommon trap: reason=predicate action=maybe_recompile pc=0x0000000003577bdc method=java.lang.String.regionMatches(ZILjava/lang/String;II)Z @ 63
Event: 4.172 Thread 0x00000000030c6000 Uncommon trap: reason=unstable_if action=reinterpret pc=0x000000000371da70 method=jdk.internal.org.objectweb.asm.Type.getArgumentsAndReturnSizes(Ljava/lang/String;)I @ 41

Classes redefined (4 events):
Event: 280.049 Thread 0x000000001c758000 redefined class name=com.wework.officereservationrevenue.bl.CurrentRevenueCalculation, count=1
Event: 280.059 Thread 0x000000001c758000 redefined class name=com.wework.officereservationrevenue.utils.DateUtils, count=1
Event: 443.827 Thread 0x000000001c758000 redefined class name=com.wework.officereservationrevenue.bl.CurrentRevenueCalculation, count=2
Event: 503.801 Thread 0x000000001c758000 redefined class name=com.wework.officereservationrevenue.bl.CurrentRevenueCalculation, count=3

Internal exceptions (10 events):
Event: 3.459 Thread 0x00000000030c6000 Exception <a 'java/lang/ClassNotFoundException': org/springframework/boot/autoconfigure/task/TaskSchedulingAutoConfiguration$$EnhancerBySpringCGLIB$$101ca26bCustomizer> (0x000000076eee4c80) thrown at [C:\re\workspace\8-2-build-windows-amd64-cygwin\jdk8u19
Event: 3.460 Thread 0x00000000030c6000 Exception <a 'java/lang/ClassNotFoundException': org/springframework/context/annotation/ConfigurationClassEnhancer$EnhancedConfigurationCustomizer> (0x000000076ef06b78) thrown at [C:\re\workspace\8-2-build-windows-amd64-cygwin\jdk8u191\11896\hotspot\src\s
Event: 3.460 Thread 0x00000000030c6000 Exception <a 'java/lang/ClassNotFoundException': org/springframework/beans/factory/BeanFactoryAwareCustomizer> (0x000000076ef19068) thrown at [C:\re\workspace\8-2-build-windows-amd64-cygwin\jdk8u191\11896\hotspot\src\share\vm\classfile\systemDictionary.cp
Event: 3.461 Thread 0x00000000030c6000 Exception <a 'java/lang/ClassNotFoundException': org/springframework/beans/factory/AwareCustomizer> (0x000000076ef2a810) thrown at [C:\re\workspace\8-2-build-windows-amd64-cygwin\jdk8u191\11896\hotspot\src\share\vm\classfile\systemDictionary.cpp, line 210
Event: 3.464 Thread 0x00000000030c6000 Exception <a 'java/lang/ClassNotFoundException': java/lang/ObjectCustomizer> (0x000000076ef42958) thrown at [C:\re\workspace\8-2-build-windows-amd64-cygwin\jdk8u191\11896\hotspot\src\share\vm\classfile\systemDictionary.cpp, line 210]
Event: 3.465 Thread 0x00000000030c6000 Exception <a 'java/lang/ClassNotFoundException': org/springframework/boot/autoconfigure/task/TaskSchedulingPropertiesCustomizer> (0x000000076ef5c530) thrown at [C:\re\workspace\8-2-build-windows-amd64-cygwin\jdk8u191\11896\hotspot\src\share\vm\classfile\s
Event: 3.474 Thread 0x00000000030c6000 Exception <a 'java/lang/ClassNotFoundException': java/lang/ObjectCustomizer> (0x000000076efd2fb0) thrown at [C:\re\workspace\8-2-build-windows-amd64-cygwin\jdk8u191\11896\hotspot\src\share\vm\classfile\systemDictionary.cpp, line 210]
Event: 3.475 Thread 0x00000000030c6000 Exception <a 'java/lang/ClassNotFoundException': org/springframework/boot/task/TaskSchedulerBuilderCustomizer> (0x000000076efe8c08) thrown at [C:\re\workspace\8-2-build-windows-amd64-cygwin\jdk8u191\11896\hotspot\src\share\vm\classfile\systemDictionary.cp
Event: 3.509 Thread 0x00000000030c6000 Exception <a 'java/lang/ClassNotFoundException': java/lang/ObjectCustomizer> (0x000000076f116520) thrown at [C:\re\workspace\8-2-build-windows-amd64-cygwin\jdk8u191\11896\hotspot\src\share\vm\classfile\systemDictionary.cpp, line 210]
Event: 3.514 Thread 0x00000000030c6000 Exception <a 'java/lang/ClassNotFoundException': com/wework/officereservationrevenue/OfficeReservationRevenueApplicationTestsCustomizer> (0x000000076f130fc0) thrown at [C:\re\workspace\8-2-build-windows-amd64-cygwin\jdk8u191\11896\hotspot\src\share\vm\cla

Events (10 events):
Event: 503.812 Executing VM operation: ChangeBreakpoints done
Event: 503.813 Executing VM operation: ChangeBreakpoints
Event: 503.815 Executing VM operation: ChangeBreakpoints done
Event: 503.818 Executing VM operation: ChangeBreakpoints
Event: 503.827 Executing VM operation: ChangeBreakpoints done
Event: 503.830 Executing VM operation: ChangeBreakpoints
Event: 503.830 Executing VM operation: ChangeBreakpoints done
Event: 503.834 Executing VM operation: GetOrSetLocal
Event: 503.834 Executing VM operation: GetOrSetLocal done
Event: 503.837 Executing VM operation: GetOrSetLocal


Dynamic libraries:
0x00007ff674000000 - 0x00007ff674037000 	C:\Program Files\Java\jdk1.8.0_191\bin\java.exe
0x00007ffa3e510000 - 0x00007ffa3e6e1000 	C:\Windows\SYSTEM32\ntdll.dll
0x00007ffa3c040000 - 0x00007ffa3c0eb000 	C:\Windows\System32\KERNEL32.DLL
0x00007ffa3ac90000 - 0x00007ffa3aead000 	C:\Windows\System32\KERNELBASE.dll
0x00007ffa3e140000 - 0x00007ffa3e1e2000 	C:\Windows\System32\ADVAPI32.dll
0x00007ffa3e1f0000 - 0x00007ffa3e28e000 	C:\Windows\System32\msvcrt.dll
0x00007ffa3c3e0000 - 0x00007ffa3c439000 	C:\Windows\System32\sechost.dll
0x00007ffa3bf10000 - 0x00007ffa3c031000 	C:\Windows\System32\RPCRT4.dll
0x00007ffa3e300000 - 0x00007ffa3e465000 	C:\Windows\System32\USER32.dll
0x00007ffa3ac70000 - 0x00007ffa3ac8e000 	C:\Windows\System32\win32u.dll
0x00007ffa3bad0000 - 0x00007ffa3bb04000 	C:\Windows\System32\GDI32.dll
0x00007ffa3b230000 - 0x00007ffa3b3b2000 	C:\Windows\System32\gdi32full.dll
0x00007ffa2cd10000 - 0x00007ffa2cf89000 	C:\Windows\WinSxS\amd64_microsoft.windows.common-controls_6595b64144ccf1df_6.0.14393.0_none_2d0f50fcbdb171b8\COMCTL32.dll
0x00007ffa3bb10000 - 0x00007ffa3bdd7000 	C:\Windows\System32\combase.dll
0x00007ffa3ab70000 - 0x00007ffa3ac65000 	C:\Windows\System32\ucrtbase.dll
0x00007ffa3aaa0000 - 0x00007ffa3ab0a000 	C:\Windows\System32\bcryptPrimitives.dll
0x00007ffa3baa0000 - 0x00007ffa3bace000 	C:\Windows\System32\IMM32.DLL
0x00007ffa1db50000 - 0x00007ffa1dbfb000 	C:\Program Files\McAfee\Host Intrusion Prevention\HcApi.dll
0x00007ffa3ab10000 - 0x00007ffa3ab65000 	C:\Windows\System32\WINTRUST.dll
0x00007ffa3aa90000 - 0x00007ffa3aaa0000 	C:\Windows\System32\MSASN1.dll
0x00007ffa3af60000 - 0x00007ffa3b128000 	C:\Windows\System32\CRYPT32.dll
0x0000000058570000 - 0x000000005857c000 	C:\Program Files\McAfee\Host Intrusion Prevention\HcThe.dll
0x00007ffa34e40000 - 0x00007ffa34e5b000 	C:\Program Files\McAfee\Host Intrusion Prevention\HIPHandlers64.dll
0x00007ffa3c310000 - 0x00007ffa3c362000 	C:\Windows\System32\SHLWAPI.dll
0x0000000057cf0000 - 0x0000000057dc2000 	C:\Program Files\Java\jdk1.8.0_191\jre\bin\msvcr100.dll
0x00000000567a0000 - 0x0000000057044000 	C:\Program Files\Java\jdk1.8.0_191\jre\bin\server\jvm.dll
0x00007ffa3c590000 - 0x00007ffa3c598000 	C:\Windows\System32\PSAPI.DLL
0x00007ffa2b010000 - 0x00007ffa2b019000 	C:\Windows\SYSTEM32\WSOCK32.dll
0x00007ffa3c370000 - 0x00007ffa3c3da000 	C:\Windows\System32\WS2_32.dll
0x00007ffa38f50000 - 0x00007ffa38f73000 	C:\Windows\SYSTEM32\WINMM.dll
0x00007ffa2c880000 - 0x00007ffa2c88a000 	C:\Windows\SYSTEM32\VERSION.dll
0x00007ffa38ef0000 - 0x00007ffa38f1b000 	C:\Windows\SYSTEM32\WINMMBASE.dll
0x00007ffa3b130000 - 0x00007ffa3b172000 	C:\Windows\System32\cfgmgr32.dll
0x0000000057ce0000 - 0x0000000057cef000 	C:\Program Files\Java\jdk1.8.0_191\jre\bin\verify.dll
0x0000000057cb0000 - 0x0000000057cd9000 	C:\Program Files\Java\jdk1.8.0_191\jre\bin\java.dll
0x0000000057c70000 - 0x0000000057ca5000 	C:\Program Files\Java\jdk1.8.0_191\jre\bin\jdwp.dll
0x0000000057c60000 - 0x0000000057c68000 	C:\Program Files\Java\jdk1.8.0_191\jre\bin\npt.dll
0x0000000057c30000 - 0x0000000057c53000 	C:\Program Files\Java\jdk1.8.0_191\jre\bin\instrument.dll
0x0000000057c10000 - 0x0000000057c26000 	C:\Program Files\Java\jdk1.8.0_191\jre\bin\zip.dll
0x00007ffa3c5a0000 - 0x00007ffa3daa8000 	C:\Windows\System32\SHELL32.dll
0x00007ffa3b3c0000 - 0x00007ffa3ba9a000 	C:\Windows\System32\windows.storage.dll
0x00007ffa3aa40000 - 0x00007ffa3aa8c000 	C:\Windows\System32\powrprof.dll
0x00007ffa3aa30000 - 0x00007ffa3aa3f000 	C:\Windows\System32\kernel.appcore.dll
0x00007ffa3aeb0000 - 0x00007ffa3af59000 	C:\Windows\System32\shcore.dll
0x00007ffa3aa10000 - 0x00007ffa3aa24000 	C:\Windows\System32\profapi.dll
0x0000000057c00000 - 0x0000000057c09000 	C:\Program Files\Java\jdk1.8.0_191\jre\bin\dt_socket.dll
0x00007ffa3a2e0000 - 0x00007ffa3a33c000 	C:\Windows\system32\mswsock.dll
0x0000000057be0000 - 0x0000000057bfa000 	C:\Program Files\Java\jdk1.8.0_191\jre\bin\net.dll
0x0000000057bc0000 - 0x0000000057bd1000 	C:\Program Files\Java\jdk1.8.0_191\jre\bin\nio.dll
0x0000000057ad0000 - 0x0000000057add000 	C:\Program Files\Java\jdk1.8.0_191\jre\bin\management.dll
0x00007ffa20850000 - 0x00007ffa20866000 	C:\Windows\system32\napinsp.dll
0x00007ffa20830000 - 0x00007ffa2084a000 	C:\Windows\system32\pnrpnsp.dll
0x00007ffa383c0000 - 0x00007ffa383d8000 	C:\Windows\system32\NLAapi.dll
0x00007ffa3a0b0000 - 0x00007ffa3a150000 	C:\Windows\SYSTEM32\DNSAPI.dll
0x00007ffa3c440000 - 0x00007ffa3c448000 	C:\Windows\System32\NSI.dll
0x00007ffa3a070000 - 0x00007ffa3a0a8000 	C:\Windows\SYSTEM32\IPHLPAPI.DLL
0x00007ffa20820000 - 0x00007ffa2082e000 	C:\Windows\System32\winrnr.dll
0x00007ffa302f0000 - 0x00007ffa302fa000 	C:\Windows\System32\rasadhlp.dll
0x00007ffa369d0000 - 0x00007ffa36a3a000 	C:\Windows\System32\fwpuclnt.dll
0x00007ffa3a950000 - 0x00007ffa3a97b000 	C:\Windows\SYSTEM32\bcrypt.dll

VM Arguments:
jvm_args: -agentlib:jdwp=transport=dt_socket,address=127.0.0.1:64910,suspend=y,server=n -ea -Didea.test.cyclic.buffer.size=1048576 -javaagent:C:\Users\OR01976\.IdeaIC2018.2\system\captureAgent\debugger-agent.jar=file:/C:/Users/OR01976/AppData/Local/Temp/capture.props -Dfile.encoding=UTF-8 
java_command: com.intellij.rt.execution.junit.JUnitStarter -ideVersion5 -junit4 com.wework.officereservationrevenue.OfficeReservationRevenueApplicationTests
java_class_path (initial): C:\Program Files\JetBrains\IntelliJ IDEA Community Edition 2018.2.5\lib\idea_rt.jar;C:\Program Files\JetBrains\IntelliJ IDEA Community Edition 2018.2.5\plugins\junit\lib\junit-rt.jar;C:\Program Files\JetBrains\IntelliJ IDEA Community Edition 2018.2.5\plugins\junit\lib\junit5-rt.jar;C:\Program Files\Java\jdk1.8.0_191\jre\lib\charsets.jar;C:\Program Files\Java\jdk1.8.0_191\jre\lib\deploy.jar;C:\Program Files\Java\jdk1.8.0_191\jre\lib\ext\access-bridge-64.jar;C:\Program Files\Java\jdk1.8.0_191\jre\lib\ext\cldrdata.jar;C:\Program Files\Java\jdk1.8.0_191\jre\lib\ext\dnsns.jar;C:\Program Files\Java\jdk1.8.0_191\jre\lib\ext\jaccess.jar;C:\Program Files\Java\jdk1.8.0_191\jre\lib\ext\jfxrt.jar;C:\Program Files\Java\jdk1.8.0_191\jre\lib\ext\localedata.jar;C:\Program Files\Java\jdk1.8.0_191\jre\lib\ext\nashorn.jar;C:\Program Files\Java\jdk1.8.0_191\jre\lib\ext\sunec.jar;C:\Program Files\Java\jdk1.8.0_191\jre\lib\ext\sunjce_provider.jar;C:\Program Files\Java\jdk1.8.0_191\jre\lib\ext\sunmscapi.jar;C:\Program Files\Java\jdk1.8.0_191\jre\lib\ext\sunpkcs11.jar;C:\Program Files\Java\jdk1.8.0_191\jre\lib\ext\zipfs.jar;C:\Program Files\Java\jdk1.8.0_191\jre\lib\javaws.jar;C:\Program Files\Java\jdk1.8.0_191\jre\lib\jce.jar;C:\Program Files\Java\jdk1.8.0_191\jre\lib\jfr.jar;C:\Program Files\Java\jdk1.8.0_191\jre\lib\jfxswt.jar;C:\Program Files\Java\jdk1.8.0_191\jre\lib\jsse.jar;C:\Program Files\Java\jdk1.8.0_191\jre\lib\management-agent.jar;C:\Program Files\Java\jdk1.8.0_191\jre\lib\plugin.jar;C:\Program Files\Java\jdk1.8.0_191\jre\lib\resources.jar;C:\Program Files\Java\jdk1.8.0_191\jre\lib\rt.jar;C:\Projects\WeWork\office-reservation-revenue\target\test-classes;C:\Projects\WeWork\office-reservation-revenue\target\classes;C:\Users\OR01976\.m2\repository\org\springframework\boot\spring-boot-starter\2.1.0.RELEASE\spring-boot-starter-2.1.0.RELEASE.jar;C:\Users\OR01976\.m2\repository\org\springframework\boot\spring-boot\2.1.0.RELEASE\spring-boot-2.1.0.RELEASE.j
Launcher Type: SUN_STANDARD

Environment Variables:
JAVA_HOME=C:\Program Files\Java\jdk1.8.0_181
CLASSPATH=.;
PATH=C:\Program Files (x86)\Common Files\Oracle\Java\javapath;C:\Python27\;C:\Python27\Scripts;C:\Python36\Scripts\;C:\Python36\;C:\ProgramData\Oracle\Java\javapath;c:\Program Files (x86)\CA\SC\CAWIN\;C:\Windows\system32;C:\Windows;C:\Windows\System32\Wbem;C:\Windows\System32\WindowsPowerShell\v1.0\;c:\Program Files (x86)\CA\SC\Csam\SockAdapter\bin;c:\Program Files (x86)\CA\SC\Csam\SockAdapter\bin64;c:\Program Files (x86)\CA\SC\CBB\;c:\Program Files (x86)\CA\DSM\bin;c:\PROGRA~2\CA\SC\CAM\bin;c:\Program Files (x86)\Enterprise Vault\EVClient\;C:\ProgramData\chocolatey\bin;C:\Program Files\Git\cmd;C:\Program Files\TortoiseGit\bin;C:\Program Files (x86)\Sennheiser\SoftphoneSDK\;C:\Program Files\nodejs\;C:\Program Files\Java\jdk1.8.0_181\bin;C:\Program Files\dotnet\;C:\Program Files\Microsoft SQL Server\110\Tools\Binn\;C:\Program Files (x86)\Microsoft SDKs\TypeScript\1.0\;C:\Program Files\Microsoft SQL Server\120\Tools\Binn\;C:\Program Files\Microsoft SQL Server\130\Tools\Binn\;C:\strawberry\c\bin;C:\strawberry\perl\site\bin;C:\strawberry\perl\bin;C:\Program Files\Redis\redis-cli.exe;C:\Program Files\Java\jdk1.8.0_181\bin;C:\ProgramData\nvm;C:\Program Files\nodejs;;C:\Program Files\Microsoft VS Code\bin;C:\Program Files\Amazon\AWSCLI\bin\;C:\Users\OR01976\AppData\Local\Microsoft\WindowsApps;C:\Users\OR01976\AppData\Roaming\npm;C:\Program Files\Microsoft VS Code\bin;C:\Program Files\nodejs;C:\Users\OR01976\.dotnet\tools;C:\Program Files (x86)\Rico Suter\NSwagStudio\;C:\Program Files\Redis\redis-cli.exe
USERNAME=OR01976
OS=Windows_NT
PROCESSOR_IDENTIFIER=Intel64 Family 6 Model 78 Stepping 3, GenuineIntel



---------------  S Y S T E M  ---------------

OS: Windows 10.0 , 64 bit Build 14393 (10.0.14393.0)

CPU:total 4 (initial active 4) (2 cores per cpu, 2 threads per core) family 6 model 78 stepping 3, cmov, cx8, fxsr, mmx, sse, sse2, sse3, ssse3, sse4.1, sse4.2, popcnt, avx, avx2, aes, clmul, erms, 3dnowpref, lzcnt, ht, tsc, tscinvbit, bmi1, bmi2, adx

Memory: 4k page, physical 16654916k(7859632k free), swap 19145284k(4591448k free)

vm_info: Java HotSpot(TM) 64-Bit Server VM (25.191-b12) for windows-amd64 JRE (1.8.0_191-b12), built on Oct  6 2018 09:29:03 by "java_re" with MS VC++ 10.0 (VS2010)

time: Sat Nov 17 16:45:50 2018
elapsed time: 503 seconds (0d 0h 8m 23s)

